[2025-05-14 10:18:51] [信息] [faa_pls.py:70]
【原始】天线坐标 (未旋转):
[2025-05-14 10:18:51] [信息] [faa_pls.py:72]
  天线单元 1: (x, y, z) = (0.000, -0.015, -0.007)
[2025-05-14 10:18:51] [信息] [faa_pls.py:72]
  天线单元 2: (x, y, z) = (0.000, 0.000, -0.007)
[2025-05-14 10:18:51] [信息] [faa_pls.py:72]
  天线单元 3: (x, y, z) = (0.000, 0.015, -0.007)
[2025-05-14 10:18:51] [信息] [faa_pls.py:72]
  天线单元 4: (x, y, z) = (0.000, -0.015, 0.007)
[2025-05-14 10:18:51] [信息] [faa_pls.py:72]
  天线单元 5: (x, y, z) = (0.000, 0.000, 0.007)
[2025-05-14 10:18:51] [信息] [faa_pls.py:72]
  天线单元 6: (x, y, z) = (0.000, 0.015, 0.007)
[2025-05-14 10:18:51] [信息] [faa_pls.py:77]
【旋转后】天线坐标 (绕 z 轴旋转 ψ):
[2025-05-14 10:18:51] [信息] [faa_pls.py:79]
  天线单元 1: (x, y, z) = (-0.007, -0.013, -0.007)
[2025-05-14 10:18:51] [信息] [faa_pls.py:79]
  天线单元 2: (x, y, z) = (0.000, 0.000, -0.007)
[2025-05-14 10:18:51] [信息] [faa_pls.py:79]
  天线单元 3: (x, y, z) = (0.007, 0.013, -0.007)
[2025-05-14 10:18:51] [信息] [faa_pls.py:79]
  天线单元 4: (x, y, z) = (-0.007, -0.013, 0.007)
[2025-05-14 10:18:51] [信息] [faa_pls.py:79]
  天线单元 5: (x, y, z) = (0.000, 0.000, 0.007)
[2025-05-14 10:18:51] [信息] [faa_pls.py:79]
  天线单元 6: (x, y, z) = (0.007, 0.013, 0.007)
[2025-05-14 10:18:51] [信息] [faa_pls.py:83]
Bob定向天线信道
[-1.56614875e-05-1.35219397e-05j -1.85163666e-05+9.32582711e-06j
  1.53802581e-06+2.07022195e-05j  1.96547518e-05-6.65586219e-06j
  1.35995689e-06-2.06798127e-05j -1.85472775e-05-9.14153832e-06j]
[2025-05-14 10:18:51] [信息] [faa_pls.py:84]
Bob全向天线信道
[-2.63948186e-05+3.59893324e-05j -7.65860364e-05+2.85262903e-05j
  4.12618074e-05+1.98323624e-05j  7.50446189e-06-6.93765165e-07j
 -5.91732745e-06-6.79738151e-05j  1.24725873e-05+5.97912240e-06j]
[2025-05-14 10:18:51] [信息] [faa_pls.py:88]
Eve定向天线信道
[-2.55258380e-05+3.17591244e-06j -6.77131089e-06+2.49688037e-05j
  2.05160044e-05+1.58377795e-05j  1.00557278e-05-2.38580813e-05j
 -1.82402074e-05-1.84712064e-05j -2.39709303e-05+9.77813277e-06j]
[2025-05-14 10:18:51] [信息] [faa_pls.py:89]
Eve全向天线信道
[ 1.67571075e-05+6.02134014e-05j  2.03603491e-05+7.42146509e-05j
  2.82164030e-05+9.94545353e-05j -8.54637266e-05-1.80817714e-05j
 -7.55704037e-05-8.12915664e-05j -5.41586343e-05-1.81283504e-06j]
[2025-05-14 10:18:51] [信息] [opt.py:9]
h_B和h_E必须具有相同的维度(N_antennas)
[2025-05-14 10:18:51] [信息] [faa_pls.py:96]
1波束赋形向量
[ 0.21438254+0.6288463j   0.20891127-0.0671781j  -0.03329556-0.22576607j
  0.27374078-0.22117318j  0.2684155 -0.30646587j -0.23546422-0.33629383j]
[2025-05-14 10:18:51] [信息] [faa_pls.py:77]
【旋转后】天线坐标 (绕 z 轴旋转 ψ):
[2025-05-14 10:18:51] [信息] [faa_pls.py:79]
  天线单元 1: (x, y, z) = (-0.007, -0.013, -0.007)
[2025-05-14 10:18:51] [信息] [faa_pls.py:79]
  天线单元 2: (x, y, z) = (0.000, 0.000, -0.007)
[2025-05-14 10:18:51] [信息] [faa_pls.py:79]
  天线单元 3: (x, y, z) = (0.007, 0.013, -0.007)
[2025-05-14 10:18:51] [信息] [faa_pls.py:79]
  天线单元 4: (x, y, z) = (-0.007, -0.013, 0.007)
[2025-05-14 10:18:51] [信息] [faa_pls.py:79]
  天线单元 5: (x, y, z) = (0.000, 0.000, 0.007)
[2025-05-14 10:18:51] [信息] [faa_pls.py:79]
  天线单元 6: (x, y, z) = (0.007, 0.013, 0.007)
[2025-05-14 10:18:51] [信息] [faa_pls.py:83]
Bob定向天线信道
[-1.56614875e-05-1.35219397e-05j -1.85163666e-05+9.32582711e-06j
  1.53802581e-06+2.07022195e-05j  1.96547518e-05-6.65586219e-06j
  1.35995689e-06-2.06798127e-05j -1.85472775e-05-9.14153832e-06j]
[2025-05-14 10:18:51] [信息] [faa_pls.py:84]
Bob全向天线信道
[-2.63948186e-05+3.59893324e-05j -7.65860364e-05+2.85262903e-05j
  4.12618074e-05+1.98323624e-05j  7.50446189e-06-6.93765165e-07j
 -5.91732745e-06-6.79738151e-05j  1.24725873e-05+5.97912240e-06j]
[2025-05-14 10:18:51] [信息] [faa_pls.py:88]
Eve定向天线信道
[-2.55258380e-05+3.17591244e-06j -6.77131089e-06+2.49688037e-05j
  2.05160044e-05+1.58377795e-05j  1.00557278e-05-2.38580813e-05j
 -1.82402074e-05-1.84712064e-05j -2.39709303e-05+9.77813277e-06j]
[2025-05-14 10:18:51] [信息] [faa_pls.py:89]
Eve全向天线信道
[ 1.67571075e-05+6.02134014e-05j  2.03603491e-05+7.42146509e-05j
  2.82164030e-05+9.94545353e-05j -8.54637266e-05-1.80817714e-05j
 -7.55704037e-05-8.12915664e-05j -5.41586343e-05-1.81283504e-06j]
[2025-05-14 10:18:51] [信息] [opt.py:9]
h_B和h_E必须具有相同的维度(N_antennas)
[2025-05-14 10:18:51] [信息] [faa_pls.py:101]
2波束赋形向量
[ 0.21438254+0.6288463j   0.20891127-0.0671781j  -0.03329556-0.22576607j
  0.27374078-0.22117318j  0.2684155 -0.30646587j -0.23546422-0.33629383j]
